<?xml version="1.0" encoding="UTF-8"?>
<!-- Generated by org.testng.reporters.JUnitReportReporter -->
<testsuite hostname="Akhleshs-MacBook-Air.local" failures="0" tests="1" name="wikipedia.Test.WikipediaPageTest" time="4.064" errors="0" timestamp="12 Mar 2018 08:25:57 GMT" skipped="0">
  <testcase classname="wikipedia.Test.WikipediaPageTest" name="testWikiSearch" time="4.064"/>
</testsuite> <!-- wikipedia.Test.WikipediaPageTest -->
