<?xml version="1.0" encoding="UTF-8"?>
<!-- Generated by org.testng.reporters.JUnitReportReporter -->
<testsuite hostname="Akhleshs-MacBook-Air.local" failures="0" tests="1" name="wikipedia.Test.WikipediaPageTest" time="0.000" errors="0" timestamp="12 Mar 2018 04:57:40 GMT" skipped="1">
  <testcase classname="wikipedia.Test.WikipediaPageTest" name="testWikiSearch" time="0.000">
    <skipped/>
  </testcase> <!-- testWikiSearch -->
</testsuite> <!-- wikipedia.Test.WikipediaPageTest -->
